# JRE version: OpenJDK Runtime Environment (8.0_292-b10) (build 1.8.0_292-b10)
# Java VM: OpenJDK 64-Bit Server VM (25.292-b10 mixed mode linux-amd64 compressed oops)
Heap:
 PSYoungGen      total 636928K, used 569823K [0x0000000718e00000, 0x000000074bd00000, 0x00000007c0000000)
  eden space 600576K, 94% used [0x0000000718e00000,0x000000073ba77dc0,0x000000073d880000)
  from space 36352K, 0% used [0x0000000740080000,0x0000000740080000,0x0000000742400000)
  to   space 40960K, 0% used [0x000000073d880000,0x000000073d880000,0x0000000740080000)
 ParOldGen       total 344064K, used 35804K [0x00000005caa00000, 0x00000005dfa00000, 0x0000000718e00000)
  object space 344064K, 10% used [0x00000005caa00000,0x00000005cccf7150,0x00000005dfa00000)
 Metaspace       used 55618K, capacity 56880K, committed 57176K, reserved 1099776K
  class space    used 6599K, capacity 6991K, committed 7040K, reserved 1048576K
GC Heap History (10 events):
Event: 2.053 GC heap before
{Heap before GC invocations=4 (full 1):
 PSYoungGen      total 279040K, used 20326K [0x0000000718e00000, 0x000000073af00000, 0x00000007c0000000)
  eden space 258048K, 0% used [0x0000000718e00000,0x0000000718e00000,0x0000000728a00000)
  from space 20992K, 96% used [0x0000000728a00000,0x0000000729dd9b38,0x0000000729e80000)
  to   space 20992K, 0% used [0x0000000739a80000,0x0000000739a80000,0x000000073af00000)
 ParOldGen       total 343040K, used 40K [0x00000005caa00000, 0x00000005df900000, 0x0000000718e00000)
  object space 343040K, 0% used [0x00000005caa00000,0x00000005caa0a000,0x00000005df900000)
 Metaspace       used 20602K, capacity 21184K, committed 21248K, reserved 1069056K
  class space    used 2330K, capacity 2505K, committed 2560K, reserved 1048576K
Event: 2.082 GC heap after
Heap after GC invocations=4 (full 1):
 PSYoungGen      total 279040K, used 0K [0x0000000718e00000, 0x000000073af00000, 0x00000007c0000000)
  eden space 258048K, 0% used [0x0000000718e00000,0x0000000718e00000,0x0000000728a00000)
  from space 20992K, 0% used [0x0000000728a00000,0x0000000728a00000,0x0000000729e80000)
  to   space 20992K, 0% used [0x0000000739a80000,0x0000000739a80000,0x000000073af00000)
 ParOldGen       total 214528K, used 19732K [0x00000005caa00000, 0x00000005d7b80000, 0x0000000718e00000)
  object space 214528K, 9% used [0x00000005caa00000,0x00000005cbd453d8,0x00000005d7b80000)
 Metaspace       used 20602K, capacity 21184K, committed 21248K, reserved 1069056K
  class space    used 2330K, capacity 2505K, committed 2560K, reserved 1048576K
}
Event: 2.303 GC heap before
{Heap before GC invocations=5 (full 1):
 PSYoungGen      total 279040K, used 258048K [0x0000000718e00000, 0x000000073af00000, 0x00000007c0000000)
  eden space 258048K, 100% used [0x0000000718e00000,0x0000000728a00000,0x0000000728a00000)
  from space 20992K, 0% used [0x0000000728a00000,0x0000000728a00000,0x0000000729e80000)
  to   space 20992K, 0% used [0x0000000739a80000,0x0000000739a80000,0x000000073af00000)
 ParOldGen       total 214528K, used 19732K [0x00000005caa00000, 0x00000005d7b80000, 0x0000000718e00000)
  object space 214528K, 9% used [0x00000005caa00000,0x00000005cbd453d8,0x00000005d7b80000)
 Metaspace       used 20630K, capacity 21248K, committed 21504K, reserved 1069056K
  class space    used 2331K, capacity 2505K, committed 2560K, reserved 1048576K
Event: 2.308 GC heap after
Heap after GC invocations=5 (full 1):
 PSYoungGen      total 399360K, used 6580K [0x0000000718e00000, 0x000000073a100000, 0x00000007c0000000)
  eden space 392704K, 0% used [0x0000000718e00000,0x0000000718e00000,0x0000000730d80000)
  from space 6656K, 98% used [0x0000000739a80000,0x000000073a0ed220,0x000000073a100000)
  to   space 20992K, 0% used [0x0000000737800000,0x0000000737800000,0x0000000738c80000)
 ParOldGen       total 214528K, used 19740K [0x00000005caa00000, 0x00000005d7b80000, 0x0000000718e00000)
  object space 214528K, 9% used [0x00000005caa00000,0x00000005cbd473d8,0x00000005d7b80000)
 Metaspace       used 20630K, capacity 21248K, committed 21504K, reserved 1069056K
  class space    used 2331K, capacity 2505K, committed 2560K, reserved 1048576K
}
Event: 2.700 GC heap before
{Heap before GC invocations=6 (full 1):
 PSYoungGen      total 399360K, used 399284K [0x0000000718e00000, 0x000000073a100000, 0x00000007c0000000)
  eden space 392704K, 100% used [0x0000000718e00000,0x0000000730d80000,0x0000000730d80000)
  from space 6656K, 98% used [0x0000000739a80000,0x000000073a0ed220,0x000000073a100000)
  to   space 20992K, 0% used [0x0000000737800000,0x0000000737800000,0x0000000738c80000)
 ParOldGen       total 214528K, used 19740K [0x00000005caa00000, 0x00000005d7b80000, 0x0000000718e00000)
  object space 214528K, 9% used [0x00000005caa00000,0x00000005cbd473d8,0x00000005d7b80000)
 Metaspace       used 20711K, capacity 21376K, committed 21632K, reserved 1069056K
  class space    used 2346K, capacity 2569K, committed 2688K, reserved 1048576K
Event: 2.709 GC heap after
Heap after GC invocations=6 (full 1):
 PSYoungGen      total 522752K, used 20971K [0x0000000718e00000, 0x0000000742400000, 0x00000007c0000000)
  eden space 501760K, 0% used [0x0000000718e00000,0x0000000718e00000,0x0000000737800000)
  from space 20992K, 99% used [0x0000000737800000,0x0000000738c7ac08,0x0000000738c80000)
  to   space 36352K, 0% used [0x0000000740080000,0x0000000740080000,0x0000000742400000)
 ParOldGen       total 214528K, used 34901K [0x00000005caa00000, 0x00000005d7b80000, 0x0000000718e00000)
  object space 214528K, 16% used [0x00000005caa00000,0x00000005ccc155d0,0x00000005d7b80000)
 Metaspace       used 20711K, capacity 21376K, committed 21632K, reserved 1069056K
  class space    used 2346K, capacity 2569K, committed 2688K, reserved 1048576K
}
Event: 4.710 GC heap before
{Heap before GC invocations=7 (full 1):
 PSYoungGen      total 522752K, used 475615K [0x0000000718e00000, 0x0000000742400000, 0x00000007c0000000)
  eden space 501760K, 90% used [0x0000000718e00000,0x00000007349fd110,0x0000000737800000)
  from space 20992K, 99% used [0x0000000737800000,0x0000000738c7ac08,0x0000000738c80000)
  to   space 36352K, 0% used [0x0000000740080000,0x0000000740080000,0x0000000742400000)
 ParOldGen       total 214528K, used 34901K [0x00000005caa00000, 0x00000005d7b80000, 0x0000000718e00000)
  object space 214528K, 16% used [0x00000005caa00000,0x00000005ccc155d0,0x00000005d7b80000)
 Metaspace       used 34290K, capacity 35220K, committed 35416K, reserved 1081344K
  class space    used 3941K, capacity 4205K, committed 4224K, reserved 1048576K
Event: 4.723 GC heap after
Heap after GC invocations=7 (full 1):
 PSYoungGen      total 636928K, used 32052K [0x0000000718e00000, 0x000000074bd00000, 0x00000007c0000000)
  eden space 600576K, 0% used [0x0000000718e00000,0x0000000718e00000,0x000000073d880000)
  from space 36352K, 88% used [0x0000000740080000,0x0000000741fcd060,0x0000000742400000)
  to   space 40960K, 0% used [0x000000073d880000,0x000000073d880000,0x0000000740080000)
 ParOldGen       total 214528K, used 34981K [0x00000005caa00000, 0x00000005d7b80000, 0x0000000718e00000)
  object space 214528K, 16% used [0x00000005caa00000,0x00000005ccc295e0,0x00000005d7b80000)
 Metaspace       used 34290K, capacity 35220K, committed 35416K, reserved 1081344K
  class space    used 3941K, capacity 4205K, committed 4224K, reserved 1048576K
}
Event: 4.723 GC heap before
{Heap before GC invocations=8 (full 2):
 PSYoungGen      total 636928K, used 32052K [0x0000000718e00000, 0x000000074bd00000, 0x00000007c0000000)
  eden space 600576K, 0% used [0x0000000718e00000,0x0000000718e00000,0x000000073d880000)
  from space 36352K, 88% used [0x0000000740080000,0x0000000741fcd060,0x0000000742400000)
  to   space 40960K, 0% used [0x000000073d880000,0x000000073d880000,0x0000000740080000)
 ParOldGen       total 214528K, used 34981K [0x00000005caa00000, 0x00000005d7b80000, 0x0000000718e00000)
  object space 214528K, 16% used [0x00000005caa00000,0x00000005ccc295e0,0x00000005d7b80000)
 Metaspace       used 34290K, capacity 35220K, committed 35416K, reserved 1081344K
  class space    used 3941K, capacity 4205K, committed 4224K, reserved 1048576K
Event: 4.770 GC heap after
Heap after GC invocations=8 (full 2):
 PSYoungGen      total 636928K, used 0K [0x0000000718e00000, 0x000000074bd00000, 0x00000007c0000000)
  eden space 600576K, 0% used [0x0000000718e00000,0x0000000718e00000,0x000000073d880000)
  from space 36352K, 0% used [0x0000000740080000,0x0000000740080000,0x0000000742400000)
  to   space 40960K, 0% used [0x000000073d880000,0x000000073d880000,0x0000000740080000)
 ParOldGen       total 344064K, used 35804K [0x00000005caa00000, 0x00000005dfa00000, 0x0000000718e00000)
  object space 344064K, 10% used [0x00000005caa00000,0x00000005cccf7150,0x00000005dfa00000)
 Metaspace       used 34290K, capacity 35220K, committed 35416K, reserved 1081344K
  class space    used 3941K, capacity 4205K, committed 4224K, reserved 1048576K
}

